<?xml version="1.0" encoding="UTF-8"?>
<testsuites name="jest tests" tests="19" failures="0" errors="0" time="49.275">
  <testsuite name="undefined" errors="0" failures="0" skipped="0" timestamp="2023-08-03T07:43:36" time="38.72" tests="1">
    <testcase classname=" renders correctly" name=" renders correctly" time="0.046">
    </testcase>
  </testsuite>
  <testsuite name="Checkbox component" errors="0" failures="0" skipped="0" timestamp="2023-08-03T07:43:36" time="39.054" tests="6">
    <testcase classname="Checkbox component size sm" name="Checkbox component size sm" time="0.075">
    </testcase>
    <testcase classname="Checkbox component size md" name="Checkbox component size md" time="0.022">
    </testcase>
    <testcase classname="Checkbox component size lg" name="Checkbox component size lg" time="0.064">
    </testcase>
    <testcase classname="Checkbox component isInvalid" name="Checkbox component isInvalid" time="0.076">
    </testcase>
    <testcase classname="Checkbox component isDisabled" name="Checkbox component isDisabled" time="0.133">
    </testcase>
    <testcase classname="Checkbox component isReadOnly" name="Checkbox component isReadOnly" time="0.052">
    </testcase>
  </testsuite>
  <testsuite name="Button component" errors="0" failures="0" skipped="0" timestamp="2023-08-03T07:43:36" time="48.158" tests="12">
    <testcase classname="Button component action primary" name="Button component action primary" time="0.067">
    </testcase>
    <testcase classname="Button component action secondary" name="Button component action secondary" time="0.014">
    </testcase>
    <testcase classname="Button component action positive" name="Button component action positive" time="0.011">
    </testcase>
    <testcase classname="Button component action negative" name="Button component action negative" time="0.015">
    </testcase>
    <testcase classname="Button component variant link" name="Button component variant link" time="0.01">
    </testcase>
    <testcase classname="Button component variant outline" name="Button component variant outline" time="0.015">
    </testcase>
    <testcase classname="Button component variant solid" name="Button component variant solid" time="0.013">
    </testcase>
    <testcase classname="Button component size xs" name="Button component size xs" time="0.017">
    </testcase>
    <testcase classname="Button component size sm" name="Button component size sm" time="0.023">
    </testcase>
    <testcase classname="Button component size md" name="Button component size md" time="0.032">
    </testcase>
    <testcase classname="Button component size lg" name="Button component size lg" time="0.031">
    </testcase>
    <testcase classname="Button component size xl" name="Button component size xl" time="0.046">
    </testcase>
  </testsuite>
</testsuites>